Flow report for NoCRouter
Sun Sep  6 22:21:46 2015
Quartus II 64-Bit Version 14.1.0 Build 186 12/03/2014 SJ Full Version


---------------------
; Table of Contents ;
---------------------
  1. Legal Notice
  2. Flow Summary
  3. Flow Settings
  4. Flow Non-Default Global Settings
  5. Flow Elapsed Time
  6. Flow OS Summary
  7. Flow Log
  8. Flow Messages
  9. Flow Suppressed Messages



----------------
; Legal Notice ;
----------------
Copyright (C) 1991-2014 Altera Corporation. All rights reserved.
Your use of Altera Corporation's design tools, logic functions 
and other software and tools, and its AMPP partner logic 
functions, and any output files from any of the foregoing 
(including device programming or simulation files), and any 
associated documentation or information are expressly subject 
to the terms and conditions of the Altera Program License 
Subscription Agreement, the Altera Quartus II License Agreement,
the Altera MegaCore Function License Agreement, or other 
applicable license agreement, including, without limitation, 
that your use is for the sole purpose of programming logic 
devices manufactured by Altera and sold by Altera or its 
authorized distributors.  Please refer to the applicable 
agreement for further details.



+-------------------------------------------------------------------------------+
; Flow Summary                                                                  ;
+---------------------------------+---------------------------------------------+
; Flow Status                     ; Successful - Sun Sep  6 22:21:46 2015       ;
; Quartus II 64-Bit Version       ; 14.1.0 Build 186 12/03/2014 SJ Full Version ;
; Revision Name                   ; NoCRouter                                   ;
; Top-level Entity Name           ; Network                                     ;
; Family                          ; Cyclone V                                   ;
; Device                          ; 5CSEMA5F31C6                                ;
; Timing Models                   ; Final                                       ;
; Logic utilization (in ALMs)     ; 527 / 32,070 ( 2 % )                        ;
; Total registers                 ; 556                                         ;
; Total pins                      ; 146 / 457 ( 32 % )                          ;
; Total virtual pins              ; 0                                           ;
; Total block memory bits         ; 1,152 / 4,065,280 ( < 1 % )                 ;
; Total DSP Blocks                ; 0 / 87 ( 0 % )                              ;
; Total HSSI RX PCSs              ; 0                                           ;
; Total HSSI PMA RX Deserializers ; 0                                           ;
; Total HSSI TX PCSs              ; 0                                           ;
; Total HSSI PMA TX Serializers   ; 0                                           ;
; Total PLLs                      ; 0 / 6 ( 0 % )                               ;
; Total DLLs                      ; 0 / 4 ( 0 % )                               ;
+---------------------------------+---------------------------------------------+


+-----------------------------------------+
; Flow Settings                           ;
+-------------------+---------------------+
; Option            ; Setting             ;
+-------------------+---------------------+
; Start date & time ; 09/06/2015 22:19:42 ;
; Main task         ; Compilation         ;
; Revision Name     ; NoCRouter           ;
+-------------------+---------------------+


+----------------------------------------------------------------------------------------------------------------------------+
; Flow Non-Default Global Settings                                                                                           ;
+-------------------------------------+---------------------------------------+---------------+-------------+----------------+
; Assignment Name                     ; Value                                 ; Default Value ; Entity Name ; Section Id     ;
+-------------------------------------+---------------------------------------+---------------+-------------+----------------+
; COMPILER_SIGNATURE_ID               ; 93383145456972.144157438212867        ; --            ; --          ; --             ;
; EDA_OUTPUT_DATA_FORMAT              ; Verilog Hdl                           ; --            ; --          ; eda_simulation ;
; EDA_SIMULATION_TOOL                 ; ModelSim-Altera (Verilog)             ; <None>        ; --          ; --             ;
; MAX_CORE_JUNCTION_TEMP              ; 85                                    ; --            ; --          ; --             ;
; MIN_CORE_JUNCTION_TEMP              ; 0                                     ; --            ; --          ; --             ;
; PARTITION_COLOR                     ; 16764057                              ; --            ; Network     ; Top            ;
; PARTITION_FITTER_PRESERVATION_LEVEL ; PLACEMENT_AND_ROUTING                 ; --            ; Network     ; Top            ;
; PARTITION_NETLIST_TYPE              ; SOURCE                                ; --            ; Network     ; Top            ;
; POWER_BOARD_THERMAL_MODEL           ; None (CONSERVATIVE)                   ; --            ; --          ; --             ;
; POWER_PRESET_COOLING_SOLUTION       ; 23 MM HEAT SINK WITH 200 LFPM AIRFLOW ; --            ; --          ; --             ;
; PROJECT_OUTPUT_DIRECTORY            ; output_files                          ; --            ; --          ; --             ;
; TOP_LEVEL_ENTITY                    ; Network                               ; NoCRouter     ; --          ; --             ;
+-------------------------------------+---------------------------------------+---------------+-------------+----------------+


+-------------------------------------------------------------------------------------------------------------------------------+
; Flow Elapsed Time                                                                                                             ;
+---------------------------+--------------+-------------------------+---------------------+------------------------------------+
; Module Name               ; Elapsed Time ; Average Processors Used ; Peak Virtual Memory ; Total CPU Time (on all processors) ;
+---------------------------+--------------+-------------------------+---------------------+------------------------------------+
; Analysis & Synthesis      ; 00:00:21     ; 1.0                     ; 985 MB              ; 00:00:40                           ;
; Fitter                    ; 00:01:09     ; 1.3                     ; 1925 MB             ; 00:01:41                           ;
; Assembler                 ; 00:00:10     ; 1.0                     ; 929 MB              ; 00:00:09                           ;
; TimeQuest Timing Analyzer ; 00:00:13     ; 1.5                     ; 1190 MB             ; 00:00:19                           ;
; EDA Netlist Writer        ; 00:00:02     ; 1.0                     ; 1145 MB             ; 00:00:02                           ;
; Total                     ; 00:01:55     ; --                      ; --                  ; 00:02:51                           ;
+---------------------------+--------------+-------------------------+---------------------+------------------------------------+


+-------------------------------------------------------------------------------------------------------+
; Flow OS Summary                                                                                       ;
+---------------------------+----------------------------+----------------+------------+----------------+
; Module Name               ; Machine Hostname           ; OS Name        ; OS Version ; Processor type ;
+---------------------------+----------------------------+----------------+------------+----------------+
; Analysis & Synthesis      ; ntunikesh-Lenovo-Flex-2-15 ; Ubuntu 14.04.2 ; 14         ; x86_64         ;
; Fitter                    ; ntunikesh-Lenovo-Flex-2-15 ; Ubuntu 14.04.2 ; 14         ; x86_64         ;
; Assembler                 ; ntunikesh-Lenovo-Flex-2-15 ; Ubuntu 14.04.2 ; 14         ; x86_64         ;
; TimeQuest Timing Analyzer ; ntunikesh-Lenovo-Flex-2-15 ; Ubuntu 14.04.2 ; 14         ; x86_64         ;
; EDA Netlist Writer        ; ntunikesh-Lenovo-Flex-2-15 ; Ubuntu 14.04.2 ; 14         ; x86_64         ;
+---------------------------+----------------------------+----------------+------------+----------------+


------------
; Flow Log ;
------------
quartus_map --read_settings_files=on --write_settings_files=off NoCRouter -c NoCRouter
quartus_fit --read_settings_files=off --write_settings_files=off NoCRouter -c NoCRouter
quartus_asm --read_settings_files=off --write_settings_files=off NoCRouter -c NoCRouter
quartus_sta NoCRouter -c NoCRouter
quartus_eda --read_settings_files=off --write_settings_files=off NoCRouter -c NoCRouter



